Time resolution is 1 ps
TESTVECTOR=>                    0 plaintext=xxxxxxxxxxxxxxxx  key=xxxxxxxxxxxxxxxxxxxx  ciphertext=xxxxxxxxxxxxxxxx
Info: [XPM_MEMORY 20-1] MEMORY_PRIMITIVE (0) instructs Vivado Synthesis to choose the memory primitive type. Depending on their values, other XPM_MEMORY parameters may preclude the choice of certain memory primitive types. Review XPM_MEMORY documentation and parameter values to understand any limitations, or set MEMORY_PRIMITIVE to a different value. testbench1.uut.design_1_i.axis_data_fifo_0.inst.\gen_fifo.xpm_fifo_axis_inst .xpm_fifo_base_inst.\gen_sdpram.xpm_memory_base_inst .config_drc
Time: 1 ps  Iteration: 0  Process: /testbench1/uut/design_1_i/axis_data_fifo_0/inst/gen_fifo.xpm_fifo_axis_inst/xpm_fifo_base_inst/gen_sdpram.xpm_memory_base_inst/Initial302_45  Scope: testbench1.uut.design_1_i.axis_data_fifo_0.inst.\gen_fifo.xpm_fifo_axis_inst .xpm_fifo_base_inst.\gen_sdpram.xpm_memory_base_inst .config_drc  File: D:/study/zybo/Vivado/2023.2/data/ip/xpm/xpm_memory/hdl/xpm_memory.sv Line: 506
Info: [XPM_MEMORY 20-1] MEMORY_PRIMITIVE (0) instructs Vivado Synthesis to choose the memory primitive type. Depending on their values, other XPM_MEMORY parameters may preclude the choice of certain memory primitive types. Review XPM_MEMORY documentation and parameter values to understand any limitations, or set MEMORY_PRIMITIVE to a different value. testbench1.uut.design_1_i.axis_data_fifo_1.inst.\gen_fifo.xpm_fifo_axis_inst .xpm_fifo_base_inst.\gen_sdpram.xpm_memory_base_inst .config_drc
Time: 1 ps  Iteration: 0  Process: /testbench1/uut/design_1_i/axis_data_fifo_1/inst/gen_fifo.xpm_fifo_axis_inst/xpm_fifo_base_inst/gen_sdpram.xpm_memory_base_inst/Initial302_45  Scope: testbench1.uut.design_1_i.axis_data_fifo_1.inst.\gen_fifo.xpm_fifo_axis_inst .xpm_fifo_base_inst.\gen_sdpram.xpm_memory_base_inst .config_drc  File: D:/study/zybo/Vivado/2023.2/data/ip/xpm/xpm_memory/hdl/xpm_memory.sv Line: 506
TESTVECTOR=>                  320 plaintext=xxxxxxxxxxxxxxxx  key=56782f68417be72c46c0  ciphertext=xxxxxxxxxxxxxxxx
sdtata=  x
dataaa=18446744073709551615
sdtata=  x
sdtata=  x
sdtata=  x
sdtata=  x
sdtata=  x
sdtata=  x
sdtata=  x
sdtata=  x
sdtata=  0
sdtata=  0
sdtata=  0
sdtata=  0
sdtata=  0
sdtata=  0
sdtata=  0
sdtata=  0
sdtata=  x
TESTVECTOR=>                  640 plaintext=ffffffffffffffff  key=56782f68417be72c46c0  ciphertext=xxxxxxxxxxxxxxxx
sdtata=  x
dataaa=18446744073709551615
sdtata=  x
sdtata=  x
sdtata=  x
sdtata=  x
sdtata=  x
sdtata=  x
sdtata=  x
sdtata=  x
sdtata=  0
sdtata=  0
sdtata=  0
sdtata=  0
sdtata=  0
sdtata=  0
sdtata=  0
sdtata=  0
sdtata=  x
TESTVECTOR=>                  960 plaintext=ffffffffffffffff  key=56782f68417be72c46c0  ciphertext=ed702b5665caa061
sdtata=  x
dataaa=18446744073709551615
sdtata=  x
sdtata=160
sdtata=202
sdtata=101
sdtata= 86
sdtata= 43
sdtata=112
sdtata=237
sdtata=  0
sdtata=  0
sdtata=  0
sdtata=  0
sdtata=  0
sdtata=  0
sdtata=  0
sdtata=  0
sdtata=  x
TESTVECTOR=>                 1280 plaintext=ffffffffffffffff  key=56782f68417be72c46c0  ciphertext=ed702b5665caa061
sdtata= 97
dataaa=18446744073709551615
sdtata= 97
sdtata=160
sdtata=202
sdtata=101
sdtata= 86
sdtata= 43
sdtata=112
sdtata=237
sdtata=  0
sdtata=  0
sdtata=  0
sdtata=  0
sdtata=  0
sdtata=  0
sdtata=  0
sdtata=  0
sdtata=  x
TESTVECTOR=>                 1600 plaintext=ffffffffffffffff  key=56782f68417be72c46c0  ciphertext=ed702b5665caa061
sdtata= 97
dataaa=18446744073709551615
sdtata= 97
sdtata=160
sdtata=202
sdtata=101
sdtata= 86
sdtata= 43
sdtata=112
sdtata=237
sdtata=  0
sdtata=  0
sdtata=  0
sdtata=  0
sdtata=  0
sdtata=  0
sdtata=  0
sdtata=  0
sdtata=  x
TESTVECTOR=>                 1920 plaintext=ffffffffffffffff  key=56782f68417be72c46c0  ciphertext=ed702b5665caa061
sdtata= 97
dataaa=18446744073709551615
sdtata= 97
sdtata=160
sdtata=202
sdtata=101
sdtata= 86
sdtata= 43
sdtata=112
sdtata=237
sdtata=  0
sdtata=  0
sdtata=  0
sdtata=  0
sdtata=  0
sdtata=  0
sdtata=  0
sdtata=  0
sdtata=  x
TESTVECTOR=>                 2240 plaintext=ffffffffffffffff  key=56782f68417be72c46c0  ciphertext=ed702b5665caa061
sdtata= 97
dataaa=18446744073709551615
sdtata= 97
sdtata=160
sdtata=202
sdtata=101
sdtata= 86
sdtata= 43
sdtata=112
sdtata=237
sdtata=  0
sdtata=  0
sdtata=  0
sdtata=  0
sdtata=  0
sdtata=  0
sdtata=  0
sdtata=  0
sdtata=  x
TESTVECTOR=>                 2560 plaintext=ffffffffffffffff  key=56782f68417be72c46c0  ciphertext=ed702b5665caa061
sdtata= 97
dataaa=18446744073709551615
sdtata= 97
sdtata=160
sdtata=202
sdtata=101
sdtata= 86
sdtata= 43
sdtata=112
sdtata=237
sdtata=  0
sdtata=  0
sdtata=  0
sdtata=  0
sdtata=  0
sdtata=  0
sdtata=  0
sdtata=  0
sdtata=  x
TESTVECTOR=>                 2880 plaintext=ffffffffffffffff  key=56782f68417be72c46c0  ciphertext=ed702b5665caa061
sdtata= 97
dataaa=18446744073709551615
sdtata= 97
sdtata=160
sdtata=202
sdtata=101
sdtata= 86
sdtata= 43
sdtata=112
sdtata=237
sdtata=  0
sdtata=  0
sdtata=  0
sdtata=  0
sdtata=  0
sdtata=  0
sdtata=  0
sdtata=  0
sdtata=  x
TESTVECTOR=>                 3200 plaintext=ffffffffffffffff  key=56782f68417be72c46c0  ciphertext=ed702b5665caa061
sdtata= 97
dataaa=18446744073709551615
sdtata= 97
sdtata=160
sdtata=202
sdtata=101
sdtata= 86
sdtata= 43
sdtata=112
sdtata=237
sdtata=  0
sdtata=  0
sdtata=  0
sdtata=  0
sdtata=  0
sdtata=  0
sdtata=  0
sdtata=  0
sdtata=  x
TESTVECTOR=>                 3520 plaintext=ffffffffffffffff  key=56782f68417be72c46c0  ciphertext=ed702b5665caa061
sdtata= 97
dataaa=18446744073709551615
sdtata= 97
sdtata=160
sdtata=202
sdtata=101
sdtata= 86
sdtata= 43
sdtata=112
sdtata=237
sdtata=  0
sdtata=  0
sdtata=  0
sdtata=  0
sdtata=  0
sdtata=  0
sdtata=  0
sdtata=  0
sdtata=  x
TESTVECTOR=>                 3840 plaintext=ffffffffffffffff  key=56782f68417be72c46c0  ciphertext=ed702b5665caa061
sdtata= 97
dataaa=18446744073709551615
sdtata= 97
sdtata=160
sdtata=202
sdtata=101
sdtata= 86
sdtata= 43
sdtata=112
sdtata=237
sdtata=  0
sdtata=  0
sdtata=  0
sdtata=  0
sdtata=  0
sdtata=  0
sdtata=  0
sdtata=  0
sdtata=  x
TESTVECTOR=>                 4160 plaintext=ffffffffffffffff  key=56782f68417be72c46c0  ciphertext=ed702b5665caa061
sdtata= 97
dataaa=18446744073709551615
sdtata= 97
sdtata=160
sdtata=202
sdtata=101
sdtata= 86
sdtata= 43
sdtata=112
sdtata=237
sdtata=  0
sdtata=  0
sdtata=  0
sdtata=  0
sdtata=  0
sdtata=  0
sdtata=  0
sdtata=  0
sdtata=  x
TESTVECTOR=>                 4480 plaintext=ffffffffffffffff  key=56782f68417be72c46c0  ciphertext=ed702b5665caa061
sdtata= 97
dataaa=18446744073709551615
sdtata= 97
sdtata=160
sdtata=202
sdtata=101
sdtata= 86
sdtata= 43
sdtata=112
sdtata=237
sdtata=  0
sdtata=  0
sdtata=  0
sdtata=  0
sdtata=  0
sdtata=  0
sdtata=  0
sdtata=  0
sdtata=  x
TESTVECTOR=>                 4800 plaintext=ffffffffffffffff  key=56782f68417be72c46c0  ciphertext=ed702b5665caa061
sdtata= 97
dataaa=18446744073709551615
sdtata= 97
sdtata=160
sdtata=202
sdtata=101
sdtata= 86
sdtata= 43
sdtata=112
sdtata=237
sdtata=  0
sdtata=  0
sdtata=  0
sdtata=  0
sdtata=  0
sdtata=  0
sdtata=  0
sdtata=  0
sdtata=  x
TESTVECTOR=>                 5120 plaintext=ffffffffffffffff  key=56782f68417be72c46c0  ciphertext=ed702b5665caa061
sdtata= 97
dataaa=18446744073709551615
sdtata= 97
sdtata=160
sdtata=202
sdtata=101
sdtata= 86
sdtata= 43
sdtata=112
sdtata=237
sdtata=  0
sdtata=  0
sdtata=  0
sdtata=  0
sdtata=  0
sdtata=  0
sdtata=  0
sdtata=  0
sdtata=  x
TESTVECTOR=>                 5440 plaintext=ffffffffffffffff  key=56782f68417be72c46c0  ciphertext=ed702b5665caa061
sdtata= 97
dataaa=18446744073709551615
sdtata= 97
sdtata=160
sdtata=202
sdtata=101
sdtata= 86
sdtata= 43
sdtata=112
sdtata=237
sdtata=  0
sdtata=  0
sdtata=  0
sdtata=  0
sdtata=  0
sdtata=  0
sdtata=  0
sdtata=  0
sdtata=  x
TESTVECTOR=>                 5760 plaintext=ffffffffffffffff  key=56782f68417be72c46c0  ciphertext=ed702b5665caa061
sdtata= 97
dataaa=18446744073709551615
sdtata= 97
sdtata=160
sdtata=202
sdtata=101
sdtata= 86
sdtata= 43
sdtata=112
sdtata=237
sdtata=  0
sdtata=  0
sdtata=  0
sdtata=  0
sdtata=  0
sdtata=  0
sdtata=  0
sdtata=  0
sdtata=  x
TESTVECTOR=>                 6080 plaintext=ffffffffffffffff  key=56782f68417be72c46c0  ciphertext=ed702b5665caa061
sdtata= 97
dataaa=18446744073709551615
sdtata= 97
sdtata=160
sdtata=202
sdtata=101
sdtata= 86
sdtata= 43
sdtata=112
sdtata=237
sdtata=  0
sdtata=  0
sdtata=  0
sdtata=  0
sdtata=  0
sdtata=  0
sdtata=  0
sdtata=  0
sdtata=  x
TESTVECTOR=>                 6400 plaintext=ffffffffffffffff  key=56782f68417be72c46c0  ciphertext=ed702b5665caa061
sdtata= 97
dataaa=18446744073709551615
sdtata= 97
sdtata=160
sdtata=202
sdtata=101
sdtata= 86
sdtata= 43
sdtata=112
sdtata=237
sdtata=  0
sdtata=  0
sdtata=  0
sdtata=  0
sdtata=  0
sdtata=  0
sdtata=  0
sdtata=  0
sdtata=  x
TESTVECTOR=>                 6720 plaintext=ffffffffffffffff  key=56782f68417be72c46c0  ciphertext=ed702b5665caa061
sdtata= 97
dataaa=18446744073709551615
sdtata= 97
sdtata=160
sdtata=202
sdtata=101
sdtata= 86
sdtata= 43
sdtata=112
sdtata=237
sdtata=  0
sdtata=  0
sdtata=  0
sdtata=  0
sdtata=  0
sdtata=  0
sdtata=  0
sdtata=  0
sdtata=  x
TESTVECTOR=>                 7040 plaintext=ffffffffffffffff  key=56782f68417be72c46c0  ciphertext=ed702b5665caa061
sdtata= 97
dataaa=18446744073709551615
sdtata= 97
sdtata=160
sdtata=202
sdtata=101
sdtata= 86
sdtata= 43
sdtata=112
sdtata=237
sdtata=  0
sdtata=  0
sdtata=  0
sdtata=  0
sdtata=  0
sdtata=  0
sdtata=  0
sdtata=  0
sdtata=  x
TESTVECTOR=>                 7360 plaintext=ffffffffffffffff  key=56782f68417be72c46c0  ciphertext=ed702b5665caa061
sdtata= 97
dataaa=18446744073709551615
sdtata= 97
sdtata=160
sdtata=202
sdtata=101
sdtata= 86
sdtata= 43
sdtata=112
sdtata=237
sdtata=  0
sdtata=  0
sdtata=  0
sdtata=  0
sdtata=  0
sdtata=  0
sdtata=  0
sdtata=  0
sdtata=  x
TESTVECTOR=>                 7680 plaintext=ffffffffffffffff  key=56782f68417be72c46c0  ciphertext=ed702b5665caa061
sdtata= 97
dataaa=18446744073709551615
sdtata= 97
sdtata=160
sdtata=202
sdtata=101
sdtata= 86
sdtata= 43
sdtata=112
sdtata=237
sdtata=  0
sdtata=  0
sdtata=  0
sdtata=  0
sdtata=  0
sdtata=  0
sdtata=  0
sdtata=  0
sdtata=  x
TESTVECTOR=>                 8000 plaintext=ffffffffffffffff  key=56782f68417be72c46c0  ciphertext=ed702b5665caa061
sdtata= 97
dataaa=18446744073709551615
sdtata= 97
sdtata=160
sdtata=202
sdtata=101
sdtata= 86
sdtata= 43
sdtata=112
sdtata=237
sdtata=  0
sdtata=  0
sdtata=  0
sdtata=  0
sdtata=  0
sdtata=  0
sdtata=  0
sdtata=  0
sdtata=  x
TESTVECTOR=>                 8320 plaintext=ffffffffffffffff  key=56782f68417be72c46c0  ciphertext=ed702b5665caa061
sdtata= 97
dataaa=18446744073709551615
sdtata= 97
sdtata=160
sdtata=202
sdtata=101
sdtata= 86
sdtata= 43
sdtata=112
sdtata=237
sdtata=  0
sdtata=  0
sdtata=  0
sdtata=  0
sdtata=  0
sdtata=  0
sdtata=  0
sdtata=  0
sdtata=  x
TESTVECTOR=>                 8640 plaintext=ffffffffffffffff  key=56782f68417be72c46c0  ciphertext=ed702b5665caa061
sdtata= 97
dataaa=18446744073709551615
sdtata= 97
sdtata=160
sdtata=202
sdtata=101
sdtata= 86
sdtata= 43
sdtata=112
sdtata=237
sdtata=  0
sdtata=  0
sdtata=  0
sdtata=  0
sdtata=  0
sdtata=  0
sdtata=  0
sdtata=  0
sdtata=  x
TESTVECTOR=>                 8960 plaintext=ffffffffffffffff  key=56782f68417be72c46c0  ciphertext=ed702b5665caa061
sdtata= 97
dataaa=18446744073709551615
sdtata= 97
sdtata=160
sdtata=202
sdtata=101
sdtata= 86
sdtata= 43
sdtata=112
sdtata=237
sdtata=  0
sdtata=  0
sdtata=  0
sdtata=  0
sdtata=  0
sdtata=  0
sdtata=  0
sdtata=  0
sdtata=  x
TESTVECTOR=>                 9280 plaintext=ffffffffffffffff  key=56782f68417be72c46c0  ciphertext=ed702b5665caa061
sdtata= 97
dataaa=18446744073709551615
sdtata= 97
sdtata=160
sdtata=202
sdtata=101
sdtata= 86
sdtata= 43
sdtata=112
sdtata=237
sdtata=  0
sdtata=  0
sdtata=  0
sdtata=  0
sdtata=  0
sdtata=  0
sdtata=  0
sdtata=  0
sdtata=  x
TESTVECTOR=>                 9600 plaintext=ffffffffffffffff  key=56782f68417be72c46c0  ciphertext=ed702b5665caa061
sdtata= 97
dataaa=18446744073709551615
sdtata= 97
sdtata=160
sdtata=202
sdtata=101
sdtata= 86
sdtata= 43
sdtata=112
sdtata=237
sdtata=  0
sdtata=  0
sdtata=  0
sdtata=  0
sdtata=  0
sdtata=  0
sdtata=  0
sdtata=  0
sdtata=  x
TESTVECTOR=>                 9920 plaintext=ffffffffffffffff  key=56782f