INFO: [VRFC 10-2263] Analyzing Verilog file "C:/Users/Shreersha Hegde/WORKING/separate_working/separate_working.srcs/sources_1/imports/new/AXI_SIPO.v" into library xil_defaultlib
INFO: [VRFC 10-311] analyzing module sipo
INFO: [VRFC 10-2263] Analyzing Verilog file "C:/Users/Shreersha Hegde/WORKING/separate_working/separate_working.srcs/sources_1/imports/PresentCryptoEngine-master/present_encrypt_pbox.v" into library xil_defaultlib
INFO: [VRFC 10-311] analyzing module PRESENT_ENCRYPT_PBOX
INFO: [VRFC 10-2263] Analyzing Verilog file "C:/Users/Shreersha Hegde/WORKING/separate_working/separate_working.srcs/sources_1/imports/PresentCryptoEngine-master/present_encrypt_sbox.v" into library xil_defaultlib
INFO: [VRFC 10-311] analyzing module PRESENT_ENCRYPT_SBOX
INFO: [VRFC 10-2263] Analyzing Verilog file "C:/Users/Shreersha Hegde/WORKING/separate_working/separate_working.srcs/sources_1/imports/PresentCryptoEngine-master/present_encrypt.v" into library xil_defaultlib
INFO: [VRFC 10-311] analyzing module PRESENT_ENCRYPT
INFO: [VRFC 10-2263] Analyzing Verilog file "C:/Users/Shreersha Hegde/WORKING/separate_working/separate_working.ip_user_files/bd/design_1/ip/design_1_axis_data_fifo_0_0/sim/design_1_axis_data_fifo_0_0.v" into library xil_defaultlib
INFO: [VRFC 10-311] analyzing module design_1_axis_data_fifo_0_0
INFO: [VRFC 10-2263] Analyzing Verilog file "C:/Users/Shreersha Hegde/WORKING/separate_working/separate_working.ip_user_files/bd/design_1/ip/design_1_axis_data_fifo_1_0/sim/design_1_axis_data_fifo_1_0.v" into library xil_defaultlib
INFO: [VRFC 10-311] analyzing module design_1_axis_data_fifo_1_0
INFO: [VRFC 10-2263] Analyzing Verilog file "C:/Users/Shreersha Hegde/WORKING/separate_working/separate_working.ip_user_files/bd/design_1/ip/design_1_sipo_0_1/sim/design_1_sipo_0_1.v" into library xil_defaultlib
INFO: [VRFC 10-311] analyzing module design_1_sipo_0_1
INFO: [VRFC 10-2263] Analyzing Verilog file "C:/Users/Shreersha Hegde/WORKING/separate_working/separate_working.ip_user_files/bd/design_1/ip/design_1_PRESENT_ENCRYPT_0_0/sim/design_1_PRESENT_ENCRYPT_0_0.v" into library xil_defaultlib
INFO: [VRFC 10-311] analyzing module design_1_PRESENT_ENCRYPT_0_0
INFO: [VRFC 10-2263] Analyzing Verilog file "C:/Users/Shreersha Hegde/WORKING/separate_working/separate_working.ip_user_files/bd/design_1/sim/design_1.v" into library xil_defaultlib
INFO: [VRFC 10-311] analyzing module design_1
INFO: [VRFC 10-2263] Analyzing Verilog file "C:/Users/Shreersha Hegde/WORKING/separate_working/separate_working.gen/sources_1/bd/design_1/hdl/design_1_wrapper.v" into library xil_defaultlib
INFO: [VRFC 10-311] analyzing module design_1_wrapper
INFO: [VRFC 10-2263] Analyzing Verilog file "C:/Users/Shreersha Hegde/WORKING/separate_working/separate_working.srcs/sim_1/imports/new/testbench1.v" into library xil_defaultlib
INFO: [VRFC 10-311] analyzing module testbench1
